c:\users\david garcia\desktop\new svg with block 0 repair - copie\testcsfml\x64\debug\projetfinannee.pch
c:\users\david garcia\desktop\new svg with block 0 repair - copie\testcsfml\x64\debug\vc141.pdb
c:\users\david garcia\desktop\new svg with block 0 repair - copie\testcsfml\x64\debug\vc141.idb
c:\users\david garcia\desktop\new svg with block 0 repair - copie\testcsfml\x64\debug\stdafx.obj
c:\users\david garcia\desktop\new svg with block 0 repair - copie\testcsfml\x64\debug\animmanager.obj
c:\users\david garcia\desktop\new svg with block 0 repair - copie\testcsfml\x64\debug\backpackrotating.obj
c:\users\david garcia\desktop\new svg with block 0 repair - copie\testcsfml\x64\debug\backpack.obj
c:\users\david garcia\desktop\new svg with block 0 repair - copie\testcsfml\x64\debug\camera.obj
c:\users\david garcia\desktop\new svg with block 0 repair - copie\testcsfml\x64\debug\enemycontroller.obj
c:\users\david garcia\desktop\new svg with block 0 repair - copie\testcsfml\x64\debug\fightbox.obj
c:\users\david garcia\desktop\new svg with block 0 repair - copie\testcsfml\x64\debug\gamedata.obj
c:\users\david garcia\desktop\new svg with block 0 repair - copie\testcsfml\x64\debug\hud.obj
c:\users\david garcia\desktop\new svg with block 0 repair - copie\testcsfml\x64\debug\instancemanager.obj
c:\users\david garcia\desktop\new svg with block 0 repair - copie\testcsfml\x64\debug\loadermanager.obj
c:\users\david garcia\desktop\new svg with block 0 repair - copie\testcsfml\x64\debug\maploader.obj
c:\users\david garcia\desktop\new svg with block 0 repair - copie\testcsfml\x64\debug\parallax.obj
c:\users\david garcia\desktop\new svg with block 0 repair - copie\testcsfml\x64\debug\physics.obj
c:\users\david garcia\desktop\new svg with block 0 repair - copie\testcsfml\x64\debug\spellmanager.obj
c:\users\david garcia\desktop\new svg with block 0 repair - copie\testcsfml\x64\debug\spritebank.obj
c:\users\david garcia\desktop\new svg with block 0 repair - copie\testcsfml\x64\debug\statcharacter.obj
c:\users\david garcia\desktop\new svg with block 0 repair - copie\testcsfml\x64\debug\player.obj
c:\users\david garcia\desktop\new svg with block 0 repair - copie\testcsfml\x64\debug\main.obj
c:\users\david garcia\desktop\new svg with block 0 repair - copie\testcsfml\x64\debug\particlemanager.obj
c:\users\david garcia\desktop\new svg with block 0 repair - copie - copie (2)\testcsfml\x64\debug\projetfinannee.pch
c:\users\david garcia\desktop\new svg with block 0 repair - copie - copie (2)\testcsfml\x64\debug\vc141.pdb
c:\users\david garcia\desktop\new svg with block 0 repair - copie - copie (2)\testcsfml\x64\debug\vc141.idb
c:\users\david garcia\desktop\new svg with block 0 repair - copie - copie (2)\testcsfml\x64\debug\stdafx.obj
c:\users\david garcia\desktop\new svg with block 0 repair - copie - copie (2)\testcsfml\x64\debug\hud.obj
c:\users\david garcia\desktop\new svg with block 0 repair - copie - copie (2)\testcsfml\x64\debug\instancemanager.obj
c:\users\david garcia\desktop\new svg with block 0 repair - copie - copie (2)\testcsfml\x64\debug\itemmanager.obj
c:\users\david garcia\desktop\new svg with block 0 repair - copie - copie (2)\testcsfml\x64\debug\launcher.obj
c:\users\david garcia\desktop\new svg with block 0 repair - copie - copie (2)\testcsfml\x64\debug\layermanager.obj
c:\users\david garcia\desktop\new svg with block 0 repair - copie - copie (2)\testcsfml\x64\debug\loadermanager.obj
c:\users\david garcia\desktop\new svg with block 0 repair - copie - copie (2)\testcsfml\x64\debug\maploader.obj
c:\users\david garcia\desktop\new svg with block 0 repair - copie - copie (2)\testcsfml\x64\debug\mathelement.obj
c:\users\david garcia\desktop\new svg with block 0 repair - copie - copie (2)\testcsfml\x64\debug\menumanager.obj
c:\users\david garcia\desktop\new svg with block 0 repair - copie - copie (2)\testcsfml\x64\debug\parallax.obj
c:\users\david garcia\desktop\new svg with block 0 repair - copie - copie (2)\testcsfml\x64\debug\particlemanager.obj
c:\users\david garcia\desktop\new svg with block 0 repair - copie - copie (2)\testcsfml\x64\debug\physics.obj
c:\users\david garcia\desktop\new svg with block 0 repair - copie - copie (2)\testcsfml\x64\debug\player.obj
c:\users\david garcia\desktop\new svg with block 0 repair - copie - copie (2)\testcsfml\x64\debug\soundmanager.obj
c:\users\david garcia\desktop\new svg with block 0 repair - copie - copie (2)\testcsfml\x64\debug\spellmanager.obj
c:\users\david garcia\desktop\new svg with block 0 repair - copie - copie (2)\testcsfml\x64\debug\spritebank.obj
c:\users\david garcia\desktop\new svg with block 0 repair - copie - copie (2)\testcsfml\x64\debug\statcharacter.obj
c:\users\david garcia\desktop\new svg with block 0 repair - copie - copie (2)\testcsfml\x64\debug\main.obj
c:\users\david garcia\desktop\new svg with block 0 repair - copie - copie (2)\testcsfml\x64\debug\textmanager.obj
c:\users\david garcia\desktop\new svg with block 0 repair - copie - copie (2)\testcsfml\x64\debug\utilities.obj
c:\users\david garcia\desktop\new svg with block 0 repair - copie - copie (2)\testcsfml\x64\debug\animmanager.obj
c:\users\david garcia\desktop\new svg with block 0 repair - copie - copie (2)\testcsfml\x64\debug\backpackrotating.obj
c:\users\david garcia\desktop\new svg with block 0 repair - copie - copie (2)\testcsfml\x64\debug\backpack.obj
c:\users\david garcia\desktop\new svg with block 0 repair - copie - copie (2)\testcsfml\x64\debug\camera.obj
c:\users\david garcia\desktop\new svg with block 0 repair - copie - copie (2)\testcsfml\x64\debug\command.obj
c:\users\david garcia\desktop\new svg with block 0 repair - copie - copie (2)\testcsfml\x64\debug\enemycontroller.obj
c:\users\david garcia\desktop\new svg with block 0 repair - copie - copie (2)\testcsfml\x64\debug\fademanager.obj
c:\users\david garcia\desktop\new svg with block 0 repair - copie - copie (2)\testcsfml\x64\debug\fightbox.obj
c:\users\david garcia\desktop\new svg with block 0 repair - copie - copie (2)\testcsfml\x64\debug\gamedata.obj
c:\users\david garcia\desktop\new svg with block 0 repair - copie - copie (2)\testcsfml\x64\debug\gamestatemanager.obj
c:\users\david garcia\desktop\new svg with block 0 repair - copie - copie (2)\testcsfml\x64\debug\projectilecontroller.obj
c:\users\david garcia\desktop\new svg with block 0 repair - copie\x64\debug\projetfinannee.ilk
c:\users\david garcia\desktop\new svg with block 0 repair - copie\x64\debug\projetfinannee.exe
c:\users\david garcia\desktop\new svg with block 0 repair - copie\x64\debug\projetfinannee.pdb
c:\users\david garcia\desktop\new svg with block 0 repair - copie - copie (2)\x64\debug\projetfinannee.ilk
c:\users\david garcia\desktop\new svg with block 0 repair - copie - copie (2)\x64\debug\projetfinannee.exe
c:\users\david garcia\desktop\new svg with block 0 repair - copie - copie (2)\x64\debug\projetfinannee.pdb
c:\users\david garcia\desktop\new svg with block 0 repair - copie - copie (2)\testcsfml\x64\debug\projetfinannee.tlog\cl.command.1.tlog
c:\users\david garcia\desktop\new svg with block 0 repair - copie - copie (2)\testcsfml\x64\debug\projetfinannee.tlog\cl.read.1.tlog
c:\users\david garcia\desktop\new svg with block 0 repair - copie - copie (2)\testcsfml\x64\debug\projetfinannee.tlog\cl.write.1.tlog
c:\users\david garcia\desktop\new svg with block 0 repair - copie - copie (2)\testcsfml\x64\debug\projetfinannee.tlog\link.command.1.tlog
c:\users\david garcia\desktop\new svg with block 0 repair - copie - copie (2)\testcsfml\x64\debug\projetfinannee.tlog\link.read.1.tlog
c:\users\david garcia\desktop\new svg with block 0 repair - copie - copie (2)\testcsfml\x64\debug\projetfinannee.tlog\link.write.1.tlog
